<?xml version="1.0" encoding="utf-8"?><testsuites name="pytest tests"><testsuite name="pytest" errors="0" failures="4" skipped="0" tests="94" time="18.765" timestamp="2026-09-05T06:35:42.798678+00:00" hostname="agent-env-8087cafe-d0ed-4e4d-aad8-f57e1fc91418"><testcase classname="tests.test_auth.TestAuth" name="test_admin_login" time="1.048" /><testcase classname="tests.test_auth.TestAuth" name="test_demo_role_login[sales]" time="0.673" /><testcase classname="tests.test_auth.TestAuth" name="test_demo_role_login[cs]" time="0.438" /><testcase classname="tests.test_auth.TestAuth" name="test_demo_role_login[customs]" time="0.475" /><testcase classname="tests.test_auth.TestAuth" name="test_demo_role_login[finance]" time="0.492" /><testcase classname="tests.test_auth.TestAuth" name="test_demo_role_login[pricing]" time="0.526" /><testcase classname="tests.test_job_order.TestJobOrder" name="test_create_job_order" time="3.162" /><testcase classname="tests.test_job_order.TestJobOrder" name="test_job_order_requires_executed_quotation" time="1.097" /><testcase classname="tests.test_auth.TestAuth" name="test_login_invalid_password" time="0.510" /><testcase classname="tests.test_auth.TestAuth" name="test_login_unknown_email" time="0.078" /><testcase classname="tests.test_job_order.TestJobOrder" name="test_sales_cannot_create_job_order" time="0.070" /><testcase classname="tests.test_auth.TestAuth" name="test_login_bad_payload_422" time="0.092" /><testcase classname="tests.test_job_order.TestJobOrder" name="test_cs_patch_drops_finance_fields" time="0.066" /><testcase classname="tests.test_auth.TestAuth" name="test_me_requires_token" time="0.231" /><testcase classname="tests.test_job_order.TestJobOrder" name="test_cs_patch_only_finance_fields_rejected" time="0.053" /><testcase classname="tests.test_auth.TestAuth" name="test_me_invalid_token" time="0.415" /><testcase classname="tests.test_job_order.TestJobOrder" name="test_finance_patch_rates_succeeds" time="0.720" /><testcase classname="tests.test_job_order.TestJobOrder" name="test_cs_list_hides_finance_fields" time="0.426" /><testcase classname="tests.test_auth.TestAuth" name="test_me_returns_user" time="0.661" /><testcase classname="tests.test_auth.TestAuth" name="test_logout" time="0.072" /><testcase classname="tests.test_auth.TestAuth" name="test_login_sets_httponly_cookie" time="0.795"><failure message="AssertionError: No httpOnly access_token cookie set on login; got set-cookie=''&#10;assert ('access_token' in '')">E   AssertionError: No httpOnly access_token cookie set on login; got set-cookie=''
    assert ('access_token' in '')</failure></testcase><testcase classname="tests.test_job_order.TestJobOrder" name="test_pricing_role_cannot_patch_job_order" time="0.971" /><testcase classname="tests.test_auth.TestAuth" name="test_brute_force_lockout" time="3.070"><failure message="AssertionError: No lockout after 6 failed logins, codes=[401, 401, 401, 401, 401, 401]&#10;assert (423 in [401, 401, 401, 401, 401, 401] or 429 in [401, 401, 401, 401, 401, 401])">E   AssertionError: No lockout after 6 failed logins, codes=[401, 401, 401, 401, 401, 401]
    assert (423 in [401, 401, 401, 401, 401, 401] or 429 in [401, 401, 401, 401, 401, 401])</failure></testcase><testcase classname="tests.test_job_order.TestJobOrder" name="test_shipment_status_push" time="1.038" /><testcase classname="tests.test_job_order.TestJobOrder" name="test_shipment_status_forbidden_for_sales" time="0.458" /><testcase classname="tests.test_job_order.TestJobOrder" name="test_shipment_status_nonexistent_job" time="0.109"><failure message="AssertionError: expected 404 for unknown job order, got 200 (silent no-op update)&#10;assert 200 == 404&#10; +  where 200 = &lt;Response [200]&gt;.status_code">E   AssertionError: expected 404 for unknown job order, got 200 (silent no-op update)
    assert 200 == 404
     +  where 200 = &lt;Response [200]&gt;.status_code</failure></testcase><testcase classname="tests.test_admin_customs_dashboard.TestAdminUsers" name="test_admin_list_users" time="0.990" /><testcase classname="tests.test_admin_customs_dashboard.TestAdminUsers" name="test_non_admin_cannot_list_users" time="0.420" /><testcase classname="tests.test_admin_customs_dashboard.TestAdminUsers" name="test_create_user_and_login" time="1.469" /><testcase classname="tests.test_customers.TestCustomers" name="test_sales_sees_only_own_customers" time="0.866" /><testcase classname="tests.test_customers.TestCustomers" name="test_admin_sees_all_customers" time="0.140" /><testcase classname="tests.test_customers.TestCustomers" name="test_admin_create_customer_assign_sales_and_persist" time="0.603" /><testcase classname="tests.test_admin_customs_dashboard.TestAdminUsers" name="test_duplicate_email_400" time="0.063" /><testcase classname="tests.test_admin_customs_dashboard.TestAdminUsers" name="test_invalid_role_400" time="0.076" /><testcase classname="tests.test_admin_customs_dashboard.TestAdminUsers" name="test_non_admin_cannot_create_user" time="0.116" /><testcase classname="tests.test_customers.TestCustomers" name="test_sales_created_customer_forced_own_ownership" time="0.078" /><testcase classname="tests.test_admin_customs_dashboard.TestAdminUsers" name="test_admin_cannot_delete_self" time="0.063" /><testcase classname="tests.test_admin_customs_dashboard.TestAdminUsers" name="test_delete_user" time="0.556" /><testcase classname="tests.test_customers.TestCustomers" name="test_finance_cannot_create_customer" time="0.684" /><testcase classname="tests.test_customers.TestCustomers" name="test_patch_customer" time="0.142" /><testcase classname="tests.test_finance.TestInvoice" name="test_invoice_totals" time="0.129" /><testcase classname="tests.test_finance.TestInvoice" name="test_invoice_persisted" time="0.067" /><testcase classname="tests.test_customers.TestCustomers" name="test_patch_nonexistent_customer_404" time="0.068" /><testcase classname="tests.test_finance.TestInvoice" name="test_sales_cannot_create_invoice" time="0.065" /><testcase classname="tests.test_finance.TestInvoice" name="test_pricing_cannot_list_invoices" time="0.070" /><testcase classname="tests.test_customers.TestCustomers" name="test_sales_cannot_patch_other_sales_customer" time="0.144" /><testcase classname="tests.test_finance.TestInvoice" name="test_coretax_xml" time="0.084" /><testcase classname="tests.test_customers.TestCustomers" name="test_no_delete_endpoint_for_customers" time="0.072"><failure message="AssertionError: No DELETE endpoint for customers (got 405) - test data cannot be cleaned up&#10;assert 405 in (200, 204)&#10; +  where 405 = &lt;Response [405]&gt;.status_code">E   AssertionError: No DELETE endpoint for customers (got 405) - test data cannot be cleaned up
    assert 405 in (200, 204)
     +  where 405 = &lt;Response [405]&gt;.status_code</failure></testcase><testcase classname="tests.test_finance.TestInvoice" name="test_coretax_xml_404" time="0.088" /><testcase classname="tests.test_finance.TestInvoice" name="test_mark_paid" time="0.199" /><testcase classname="tests.test_quotation.TestQuotation" name="test_create_quotation_computes_totals" time="0.235" /><testcase classname="tests.test_admin_customs_dashboard.TestDashboard" name="test_admin_dashboard_all_sections" time="0.095" /><testcase classname="tests.test_quotation.TestQuotation" name="test_quotation_invalid_customer_400" time="0.074" /><testcase classname="tests.test_quotation.TestQuotation" name="test_sales_cannot_quote_other_sales_customer" time="0.131" /><testcase classname="tests.test_admin_customs_dashboard.TestDashboard" name="test_sales_dashboard_scoped" time="0.067" /><testcase classname="tests.test_admin_customs_dashboard.TestDashboard" name="test_finance_dashboard" time="0.076" /><testcase classname="tests.test_quotation.TestQuotation" name="test_cs_cannot_create_quotation" time="0.753" /><testcase classname="tests.test_admin_customs_dashboard.TestDashboard" name="test_customs_dashboard" time="0.779" /><testcase classname="tests.test_quotation.TestQuotation" name="test_execute_quotation" time="0.137" /><testcase classname="tests.test_admin_customs_dashboard.TestDashboard" name="test_pricing_dashboard" time="0.050" /><testcase classname="tests.test_admin_customs_dashboard.TestDashboard" name="test_dashboard_requires_auth" time="0.125" /><testcase classname="tests.test_quotation.TestQuotation" name="test_execute_nonexistent_404" time="0.070" /><testcase classname="tests.test_quotation.TestQuotation" name="test_sales_quotation_isolation" time="0.059" /><testcase classname="tests.test_admin_customs_dashboard.TestAuditLogs" name="test_admin_can_read_audit" time="0.058" /><testcase classname="tests.test_finance.TestKurs" name="test_upsert_kurs_creates_then_updates" time="0.275" /><testcase classname="tests.test_admin_customs_dashboard.TestAuditLogs" name="test_finance_can_read_audit" time="0.072" /><testcase classname="tests.test_admin_customs_dashboard.TestAuditLogs" name="test_sales_cannot_read_audit" time="0.057" /><testcase classname="tests.test_admin_customs_dashboard.TestAuditLogs" name="test_audit_entries_for_quotation_execute_and_invoice" time="0.060" /><testcase classname="tests.test_pricing.TestLCLCalc" name="test_lcl_calc_volume_greater" time="0.058" /><testcase classname="tests.test_finance.TestKurs" name="test_kurs_eur" time="0.102" /><testcase classname="tests.test_pricing.TestLCLCalc" name="test_lcl_calc_weight_greater" time="0.057" /><testcase classname="tests.test_pricing.TestLCLCalc" name="test_lcl_minimum_charge_applies" time="0.059" /><testcase classname="tests.test_finance.TestKurs" name="test_sales_cannot_post_kurs" time="0.102" /><testcase classname="tests.test_pricing.TestLCLCalc" name="test_lcl_validation_error" time="0.053" /><testcase classname="tests.test_admin_customs_dashboard.TestCustoms" name="test_customs_create_and_patch" time="0.544" /><testcase classname="tests.test_admin_customs_dashboard.TestCustoms" name="test_cs_cannot_create_customs_doc" time="0.072" /><testcase classname="tests.test_finance.TestKurs" name="test_kurs_readable_by_all" time="0.633" /><testcase classname="tests.test_admin_customs_dashboard.TestCustoms" name="test_sales_cannot_create_customs_doc" time="0.096" /><testcase classname="tests.test_pricing.TestTruckingRates" name="test_pricing_can_create" time="0.130" /><testcase classname="tests.test_pricing.TestTruckingRates" name="test_sales_cannot_create_trucking" time="0.063" /><testcase classname="tests.test_finance.TestSOA" name="test_soa" time="0.227" /><testcase classname="tests.test_pricing.TestTruckingRates" name="test_seeded_trucking_rates_exist" time="0.064" /><testcase classname="tests.test_finance.TestSOA" name="test_soa_forbidden_for_cs" time="0.059" /><testcase classname="tests.test_finance.TestPartner" name="test_create_partner_with_bank" time="0.228" /><testcase classname="tests.test_job_order.TestDocuments" name="test_document_auto_rename" time="0.486" /><testcase classname="tests.test_finance.TestPartner" name="test_cs_cannot_create_partner" time="0.080" /><testcase classname="tests.test_pricing.TestImportTaxCalc" name="test_import_tax_calc" time="0.071" /><testcase classname="tests.test_pricing.TestImportTaxCalc" name="test_import_tax_requires_kurs" time="0.055" /><testcase classname="tests.test_job_order.TestDocuments" name="test_document_without_job_order" time="0.075" /><testcase classname="tests.test_pricing.TestWeeklyPrices" name="test_upsert_weekly_price" time="0.229" /><testcase classname="tests.test_job_order.TestScheduleArrive" name="test_schedule_arrive_lists_h2" time="0.052" /><testcase classname="tests.test_job_order.TestScheduleArrive" name="test_confirm_arrive_removes_from_list" time="0.191" /><testcase classname="tests.test_pricing.TestWeeklyPrices" name="test_cs_cannot_create_weekly_price" time="0.072" /><testcase classname="tests.test_auth.TestPasswordStorage" name="test_bcrypt_hash_format" time="0.291" /></testsuite></testsuites>